<?xml version="1.0" encoding="UTF-8"?>
<!-- Generated by org.testng.reporters.JUnitReportReporter -->
<testsuite hostname="DESKTOP-T06S0P0" failures="0" tests="3" name="com.qa.opencart.Tests.LoginPageTest" time="1.353" errors="0" timestamp="2022-07-07T01:50:48 IST" skipped="0">
  <testcase classname="com.qa.opencart.Tests.LoginPageTest" name="loginPageNavigationTest" time="0.548"/>
  <system-out/>
  <testcase classname="com.qa.opencart.Tests.LoginPageTest" name="forgotPSWLinkExists" time="0.066"/>
  <system-out/>
  <testcase classname="com.qa.opencart.Tests.LoginPageTest" name="apploginTest" time="0.739"/>
  <system-out/>
</testsuite> <!-- com.qa.opencart.Tests.LoginPageTest -->
