<?xml version="1.0" encoding="UTF-8"?>
<!-- Generated by org.testng.reporters.JUnitReportReporter -->
<testsuite hostname="DESKTOP-T06S0P0" failures="0" tests="6" name="com.qa.opencart.Tests.HomepageTest1" time="5.390" errors="0" timestamp="2022-07-06T23:44:30 IST" skipped="0">
  <testcase classname="com.qa.opencart.Tests.HomepageTest1" name="homePageTitleTest" time="0.027"/>
  <system-out/>
  <testcase classname="com.qa.opencart.Tests.HomepageTest1" name="searchTest" time="0.881"/>
  <system-out/>
  <testcase classname="com.qa.opencart.Tests.HomepageTest1" name="searchTest" time="1.220"/>
  <system-out/>
  <testcase classname="com.qa.opencart.Tests.HomepageTest1" name="homePageUrlTest" time="0.003"/>
  <system-out/>
  <testcase classname="com.qa.opencart.Tests.HomepageTest1" name="searchTest" time="2.257"/>
  <system-out/>
  <testcase classname="com.qa.opencart.Tests.HomepageTest1" name="searchTest" time="1.002"/>
  <system-out/>
</testsuite> <!-- com.qa.opencart.Tests.HomepageTest1 -->
