<?xml version="1.0" encoding="UTF-8"?>
<!-- Generated by org.testng.reporters.JUnitReportReporter -->
<testsuite hostname="DESKTOP-T06S0P0" failures="0" tests="6" name="com.qa.opencart.Tests.HomepageTest1" time="2.727" errors="0" timestamp="2022-07-07T01:50:48 IST" skipped="0">
  <testcase classname="com.qa.opencart.Tests.HomepageTest1" name="homePageUrlTest" time="0.002"/>
  <system-out/>
  <testcase classname="com.qa.opencart.Tests.HomepageTest1" name="homePageTitleTest" time="0.018"/>
  <system-out/>
  <testcase classname="com.qa.opencart.Tests.HomepageTest1" name="searchTest" time="0.473"/>
  <system-out/>
  <testcase classname="com.qa.opencart.Tests.HomepageTest1" name="searchTest" time="0.899"/>
  <system-out/>
  <testcase classname="com.qa.opencart.Tests.HomepageTest1" name="searchTest" time="0.894"/>
  <system-out/>
  <testcase classname="com.qa.opencart.Tests.HomepageTest1" name="searchTest" time="0.441"/>
  <system-out/>
</testsuite> <!-- com.qa.opencart.Tests.HomepageTest1 -->
