<?xml version="1.0" encoding="UTF-8"?>
<!-- Generated by org.testng.reporters.JUnitReportReporter -->
<testsuite hostname="DESKTOP-T06S0P0" failures="0" tests="6" name="com.qa.opencart.Tests.HomepageTest1" time="2.825" errors="0" timestamp="2022-06-16T20:06:41 IST" skipped="1">
  <testcase classname="com.qa.opencart.Tests.HomepageTest1" name="searchTest" time="0.745"/>
  <system-out/>
  <testcase classname="com.qa.opencart.Tests.HomepageTest1" name="searchTest" time="0.700"/>
  <system-out/>
  <testcase classname="com.qa.opencart.Tests.HomepageTest1" name="searchTest" time="0.791"/>
  <system-out/>
  <testcase classname="com.qa.opencart.Tests.HomepageTest1" name="homePageTitleTest" time="0.034"/>
  <system-out/>
  <testcase classname="com.qa.opencart.Tests.HomepageTest1" name="searchTest" time="0.555"/>
  <system-out/>
  <testcase classname="com.qa.opencart.Tests.HomepageTest1" name="homePageUrlTest">
    <skipped/>
  </testcase> <!-- homePageUrlTest -->
  <system-out/>
</testsuite> <!-- com.qa.opencart.Tests.HomepageTest1 -->
